[11:55:17] [main/INFO] [FML/]: Forge Mod Loader version 7.2.207.1110 for Minecraft 1.7.2 loading
[11:55:17] [main/INFO] [FML/]: Java is OpenJDK 64-Bit Server VM, version 1.7.0_75, running on Linux:amd64:3.13.0-48-generic, installed at /usr/lib/jvm/java-7-openjdk-amd64/jre
[11:55:17] [main/DEBUG] [FML/]: Java classpath at launch is /home/daroc/Important/Sands/bin:/home/daroc/.gradle/caches/minecraft/net/minecraftforge/forge/1.7.2-10.12.1.1110/forgeSrc-1.7.2-10.12.1.1110.jar:/home/daroc/.gradle/caches/modules-2/files-2.1/net.minecraft/launchwrapper/1.9/116f2aad5b0c68353ebed66cd463517db6522f7e/launchwrapper-1.9.jar:/home/daroc/.gradle/caches/modules-2/files-2.1/org.ow2.asm/asm-debug-all/4.1/dd6ba5c392d4102458494e29f54f70ac534ec2a2/asm-debug-all-4.1.jar:/home/daroc/.gradle/caches/modules-2/files-2.1/org.scala-lang/scala-library/2.10.2/6ba65d12cd09d441083262d6f73d2257fec7c663/scala-library-2.10.2.jar:/home/daroc/.gradle/caches/modules-2/files-2.1/org.scala-lang/scala-compiler/2.10.2/64c8b1380cc53d6850823d6e4e7ae984aa44ef9c/scala-compiler-2.10.2.jar:/home/daroc/.gradle/caches/modules-2/files-2.1/net.sf.jopt-simple/jopt-simple/4.5/6065cc95c661255349c1d0756657be17c29a4fd3/jopt-simple-4.5.jar:/home/daroc/.gradle/caches/modules-2/files-2.1/java3d/vecmath/1.3.1/a0ae4f51da409fa0c20fa0ca59e6bbc9413ae71d/vecmath-1.3.1.jar:/home/daroc/.gradle/caches/modules-2/files-2.1/net.sf.trove4j/trove4j/3.0.3/42ccaf4761f0dfdfa805c9e340d99a755907e2dd/trove4j-3.0.3.jar:/home/daroc/.gradle/caches/modules-2/files-2.1/com.ibm.icu/icu4j-core-mojang/51.2/63d216a9311cca6be337c1e458e587f99d382b84/icu4j-core-mojang-51.2.jar:/home/daroc/.gradle/caches/modules-2/files-2.1/lzma/lzma/0.0.1/521616dc7487b42bef0e803bd2fa3faf668101d7/lzma-0.0.1.jar:/home/daroc/.gradle/caches/modules-2/files-2.1/com.paulscode/codecjorbis/20101023/c73b5636faf089d9f00e8732a829577de25237ee/codecjorbis-20101023.jar:/home/daroc/.gradle/caches/modules-2/files-2.1/com.paulscode/codecwav/20101023/12f031cfe88fef5c1dd36c563c0a3a69bd7261da/codecwav-20101023.jar:/home/daroc/.gradle/caches/modules-2/files-2.1/com.paulscode/libraryjavasound/20101123/5c5e304366f75f9eaa2e8cca546a1fb6109348b3/libraryjavasound-20101123.jar:/home/daroc/.gradle/caches/modules-2/files-2.1/com.paulscode/librarylwjglopenal/20100824/73e80d0794c39665aec3f62eee88ca91676674ef/librarylwjglopenal-20100824.jar:/home/daroc/.gradle/caches/modules-2/files-2.1/com.paulscode/soundsystem/20120107/419c05fe9be71f792b2d76cfc9b67f1ed0fec7f6/soundsystem-20120107.jar:/home/daroc/.gradle/caches/modules-2/files-2.1/io.netty/netty-all/4.0.10.Final/9e50bd52ffe257a0e2cd8d971688d6ce7d174325/netty-all-4.0.10.Final.jar:/home/daroc/.gradle/caches/modules-2/files-2.1/com.google.guava/guava/15.0/ed727a8d9f247e2050281cb083f1c77b09dcb5cd/guava-15.0.jar:/home/daroc/.gradle/caches/modules-2/files-2.1/org.apache.commons/commons-lang3/3.1/905075e6c80f206bbe6cf1e809d2caa69f420c76/commons-lang3-3.1.jar:/home/daroc/.gradle/caches/modules-2/files-2.1/commons-io/commons-io/2.4/b1b6ea3b7e4aa4f492509a4952029cd8e48019ad/commons-io-2.4.jar:/home/daroc/.gradle/caches/modules-2/files-2.1/net.java.jinput/jinput/2.0.5/39c7796b469a600f72380316f6b1f11db6c2c7c4/jinput-2.0.5.jar:/home/daroc/.gradle/caches/modules-2/files-2.1/net.java.jutils/jutils/1.0.0/e12fe1fda814bd348c1579329c86943d2cd3c6a6/jutils-1.0.0.jar:/home/daroc/.gradle/caches/modules-2/files-2.1/com.google.code.gson/gson/2.2.4/a60a5e993c98c864010053cb901b7eab25306568/gson-2.2.4.jar:/home/daroc/.gradle/caches/modules-2/files-2.1/com.mojang/authlib/1.3/4fb033c2d6eccced08752d8f33e8c3a0a45deb2d/authlib-1.3.jar:/home/daroc/.gradle/caches/modules-2/files-2.1/org.apache.logging.log4j/log4j-api/2.0-beta9/1dd66e68cccd907880229f9e2de1314bd13ff785/log4j-api-2.0-beta9.jar:/home/daroc/.gradle/caches/modules-2/files-2.1/org.apache.logging.log4j/log4j-core/2.0-beta9/678861ba1b2e1fccb594bb0ca03114bb05da9695/log4j-core-2.0-beta9.jar:/home/daroc/.gradle/caches/modules-2/files-2.1/org.lwjgl.lwjgl/lwjgl/2.9.0/5654d06e61a1bba7ae1e7f5233e1106be64c91cd/lwjgl-2.9.0.jar:/home/daroc/.gradle/caches/modules-2/files-2.1/org.lwjgl.lwjgl/lwjgl_util/2.9.0/a778846b64008fc7f48ead2377f034e547991699/lwjgl_util-2.9.0.jar:/home/daroc/.gradle/caches/modules-2/files-2.1/org.lwjgl.lwjgl/lwjgl-platform/2.9.0/2ba5dcb11048147f1a74eff2deb192c001321f77/lwjgl-platform-2.9.0-natives-linux.jar:/home/daroc/.gradle/caches/modules-2/files-2.1/org.lwjgl.lwjgl/lwjgl-platform/2.9.0/6621b382cb14cc409b041d8d72829156a87c31aa/lwjgl-platform-2.9.0-natives-osx.jar:/home/daroc/.gradle/caches/modules-2/files-2.1/org.lwjgl.lwjgl/lwjgl-platform/2.9.0/3f11873dc8e84c854ec7c5a8fd2e869f8aaef764/lwjgl-platform-2.9.0-natives-windows.jar:/home/daroc/.gradle/caches/modules-2/files-2.1/net.java.jinput/jinput-platform/2.0.5/7ff832a6eb9ab6a767f1ade2b548092d0fa64795/jinput-platform-2.0.5-natives-linux.jar:/home/daroc/.gradle/caches/modules-2/files-2.1/net.java.jinput/jinput-platform/2.0.5/53f9c919f34d2ca9de8c51fc4e1e8282029a9232/jinput-platform-2.0.5-natives-osx.jar:/home/daroc/.gradle/caches/modules-2/files-2.1/net.java.jinput/jinput-platform/2.0.5/385ee093e01f587f30ee1c8a2ee7d408fd732e16/jinput-platform-2.0.5-natives-windows.jar:/home/daroc/.gradle/caches/modules-2/files-2.1/org.scala-lang/scala-reflect/2.10.2/444ff8e89a81697997ed8a98a4642ba283130249/scala-reflect-2.10.2.jar:/home/daroc/.gradle/caches/minecraft/net/minecraftforge/forge/1.7.2-10.12.1.1110/start
[11:55:17] [main/DEBUG] [FML/]: Java library path at launch is /usr/java/packages/lib/amd64:/usr/lib/x86_64-linux-gnu/jni:/lib/x86_64-linux-gnu:/usr/lib/x86_64-linux-gnu:/usr/lib/jni:/lib:/usr/lib
[11:55:17] [main/INFO] [FML/]: Managed to load a deobfuscated Minecraft name- we are in a deobfuscated environment. Skipping runtime deobfuscation
[11:55:17] [main/DEBUG] [FML/]: Instantiating coremod class FMLCorePlugin
[11:55:17] [main/DEBUG] [FML/]: Added access transformer class cpw.mods.fml.common.asm.transformers.AccessTransformer to enqueued access transformers
[11:55:17] [main/DEBUG] [FML/]: Enqueued coremod FMLCorePlugin
[11:55:17] [main/DEBUG] [FML/]: Instantiating coremod class FMLForgePlugin
[11:55:17] [main/DEBUG] [FML/]: Added access transformer class net.minecraftforge.transformers.ForgeAccessTransformer to enqueued access transformers
[11:55:17] [main/DEBUG] [FML/]: Enqueued coremod FMLForgePlugin
[11:55:17] [main/DEBUG] [FML/]: All fundamental core mods are successfully located
[11:55:17] [main/DEBUG] [FML/]: Discovering coremods
[11:55:17] [main/INFO] [LaunchWrapper/]: Loading tweak class name cpw.mods.fml.common.launcher.FMLInjectionAndSortingTweaker
[11:55:17] [main/INFO] [LaunchWrapper/]: Loading tweak class name cpw.mods.fml.common.launcher.FMLDeobfTweaker
[11:55:17] [main/INFO] [LaunchWrapper/]: Calling tweak class cpw.mods.fml.common.launcher.FMLInjectionAndSortingTweaker
[11:55:17] [main/INFO] [LaunchWrapper/]: Calling tweak class cpw.mods.fml.common.launcher.FMLInjectionAndSortingTweaker
[11:55:17] [main/INFO] [LaunchWrapper/]: Calling tweak class cpw.mods.fml.relauncher.CoreModManager$FMLPluginWrapper
[11:55:17] [main/DEBUG] [FML/]: Injecting coremod FMLCorePlugin {cpw.mods.fml.relauncher.FMLCorePlugin} class transformers
[11:55:17] [main/TRACE] [FML/]: Registering transformer cpw.mods.fml.common.asm.transformers.MarkerTransformer
[11:55:18] [main/TRACE] [FML/]: Registering transformer cpw.mods.fml.common.asm.transformers.SideTransformer
[11:55:18] [main/TRACE] [FML/]: Registering transformer cpw.mods.fml.common.asm.transformers.EventSubscriptionTransformer
[11:55:18] [main/DEBUG] [FML/]: Injection complete
[11:55:18] [main/DEBUG] [FML/]: Running coremod plugin for FMLCorePlugin {cpw.mods.fml.relauncher.FMLCorePlugin}
[11:55:18] [main/DEBUG] [FML/]: Running coremod plugin FMLCorePlugin
[11:55:18] [main/ERROR] [FML/]: The binary patch set is missing. Either you are in a development environment, or things are not going to work!
[11:55:19] [main/ERROR] [FML/]: The minecraft jar file:/home/daroc/.gradle/caches/minecraft/net/minecraftforge/forge/1.7.2-10.12.1.1110/forgeSrc-1.7.2-10.12.1.1110.jar!/net/minecraft/client/ClientBrandRetriever.class appears to be corrupt! There has been CRITICAL TAMPERING WITH MINECRAFT, it is highly unlikely minecraft will work! STOP NOW, get a clean copy and try again!
[11:55:19] [main/ERROR] [FML/]: FML has been ordered to ignore the invalid or missing minecraft certificate. This is very likely to cause a problem!
[11:55:19] [main/ERROR] [FML/]: Technical information: ClientBrandRetriever was at jar:file:/home/daroc/.gradle/caches/minecraft/net/minecraftforge/forge/1.7.2-10.12.1.1110/forgeSrc-1.7.2-10.12.1.1110.jar!/net/minecraft/client/ClientBrandRetriever.class, there were 0 certificates for it
[11:55:19] [main/ERROR] [FML/]: FML appears to be missing any signature data. This is not a good thing
[11:55:19] [main/DEBUG] [FML/]: Coremod plugin class FMLCorePlugin run successfully
[11:55:19] [main/INFO] [LaunchWrapper/]: Calling tweak class cpw.mods.fml.relauncher.CoreModManager$FMLPluginWrapper
[11:55:19] [main/DEBUG] [FML/]: Injecting coremod FMLForgePlugin {net.minecraftforge.classloading.FMLForgePlugin} class transformers
[11:55:19] [main/DEBUG] [FML/]: Injection complete
[11:55:19] [main/DEBUG] [FML/]: Running coremod plugin for FMLForgePlugin {net.minecraftforge.classloading.FMLForgePlugin}
[11:55:19] [main/DEBUG] [FML/]: Running coremod plugin FMLForgePlugin
[11:55:19] [main/DEBUG] [FML/]: Coremod plugin class FMLForgePlugin run successfully
[11:55:19] [main/INFO] [LaunchWrapper/]: Calling tweak class cpw.mods.fml.common.launcher.FMLDeobfTweaker
[11:55:19] [main/DEBUG] [FML/]: Loaded 32 rules from AccessTransformer config file fml_at.cfg

[11:55:19] [main/DEBUG] [FML/]: Loaded 81 rules from AccessTransformer config file forge_at.cfg

[11:55:19] [main/DEBUG] [FML/]: Validating minecraft
[11:55:20] [main/DEBUG] [FML/]: Minecraft validated, launching...
[11:55:20] [main/INFO] [LaunchWrapper/]: Launching wrapped minecraft {net.minecraft.client.main.Main}
[11:55:21] [main/ERROR] [LaunchWrapper/]: Unable to launch
java.lang.reflect.InvocationTargetException
	at sun.reflect.NativeMethodAccessorImpl.invoke0(Native Method) ~[?:1.7.0_75]
	at sun.reflect.NativeMethodAccessorImpl.invoke(NativeMethodAccessorImpl.java:57) ~[?:1.7.0_75]
	at sun.reflect.DelegatingMethodAccessorImpl.invoke(DelegatingMethodAccessorImpl.java:43) ~[?:1.7.0_75]
	at java.lang.reflect.Method.invoke(Method.java:606) ~[?:1.7.0_75]
	at net.minecraft.launchwrapper.Launch.launch(Launch.java:134) [launchwrapper-1.9.jar:?]
	at net.minecraft.launchwrapper.Launch.main(Launch.java:28) [launchwrapper-1.9.jar:?]
Caused by: java.lang.UnsatisfiedLinkError: no lwjgl in java.library.path
	at java.lang.ClassLoader.loadLibrary(ClassLoader.java:1886) ~[?:1.7.0_75]
	at java.lang.Runtime.loadLibrary0(Runtime.java:849) ~[?:1.7.0_75]
	at java.lang.System.loadLibrary(System.java:1088) ~[?:1.7.0_75]
	at org.lwjgl.Sys$1.run(Sys.java:73) ~[lwjgl-2.9.0.jar:?]
	at java.security.AccessController.doPrivileged(Native Method) ~[?:1.7.0_75]
	at org.lwjgl.Sys.doLoadLibrary(Sys.java:66) ~[lwjgl-2.9.0.jar:?]
	at org.lwjgl.Sys.loadLibrary(Sys.java:95) ~[lwjgl-2.9.0.jar:?]
	at org.lwjgl.Sys.<clinit>(Sys.java:112) ~[lwjgl-2.9.0.jar:?]
	at net.minecraft.client.Minecraft.getSystemTime(Minecraft.java:2675) ~[Minecraft.class:?]
	at net.minecraft.client.main.Main.main(Main.java:40) ~[Main.class:?]
	... 6 more
